<?xml version="1.0" encoding="UTF-8"?>
<!-- Generated by org.testng.reporters.JUnitXMLReporter -->
<testsuite hostname="1mg-lptp-1092.local" ignored="0" name="Orange HRM Test Cases" tests="3" failures="0" timestamp="25 May 2020 07:35:55 GMT" time="34.348" errors="0">
  <testcase name="LoginPageTitleTest" time="0.022" classname="com.tests.LoginTest"/>
  <testcase name="LoginPageHeaderTest" time="0.048" classname="com.tests.LoginTest"/>
  <testcase name="doLogin" time="2.757" classname="com.tests.LoginTest"/>
</testsuite> <!-- Orange HRM Test Cases -->
