<?xml version="1.0" encoding="UTF-8"?>
<testng-results skipped="0" failed="0" ignored="0" total="3" passed="3">
  <reporter-output>
  </reporter-output>
  <suite name="FREE CRM Application Test Automation Test Suite" duration-ms="34348" started-at="2020-05-25T07:35:21Z" finished-at="2020-05-25T07:35:55Z">
    <groups>
    </groups>
    <test name="Orange HRM Test Cases" duration-ms="34348" started-at="2020-05-25T07:35:21Z" finished-at="2020-05-25T07:35:55Z">
      <class name="com.tests.LoginTest">
        <test-method status="PASS" signature="setUp(java.lang.String)[pri:0, instance:com.tests.LoginTest@6a4f787b]" name="setUp" is-config="true" duration-ms="11430" started-at="2020-05-25T13:05:21Z" finished-at="2020-05-25T13:05:32Z">
          <params>
            <param index="0">
              <value>
                <![CDATA[chrome]]>
              </value>
            </param>
          </params>
          <reporter-output>
          </reporter-output>
        </test-method> <!-- setUp -->
        <test-method status="PASS" signature="LoginPageTitleTest()[pri:1, instance:com.tests.LoginTest@6a4f787b]" name="LoginPageTitleTest" duration-ms="22" started-at="2020-05-25T13:05:32Z" finished-at="2020-05-25T13:05:32Z">
          <reporter-output>
          </reporter-output>
        </test-method> <!-- LoginPageTitleTest -->
        <test-method status="PASS" signature="tearDown()[pri:0, instance:com.tests.LoginTest@6a4f787b]" name="tearDown" is-config="true" duration-ms="117" started-at="2020-05-25T13:05:32Z" finished-at="2020-05-25T13:05:32Z">
          <reporter-output>
          </reporter-output>
        </test-method> <!-- tearDown -->
        <test-method status="PASS" signature="setUp(java.lang.String)[pri:0, instance:com.tests.LoginTest@6a4f787b]" name="setUp" is-config="true" duration-ms="11156" started-at="2020-05-25T13:05:32Z" finished-at="2020-05-25T13:05:44Z">
          <params>
            <param index="0">
              <value>
                <![CDATA[chrome]]>
              </value>
            </param>
          </params>
          <reporter-output>
          </reporter-output>
        </test-method> <!-- setUp -->
        <test-method status="PASS" signature="LoginPageHeaderTest()[pri:2, instance:com.tests.LoginTest@6a4f787b]" name="LoginPageHeaderTest" duration-ms="48" started-at="2020-05-25T13:05:44Z" finished-at="2020-05-25T13:05:44Z">
          <reporter-output>
          </reporter-output>
        </test-method> <!-- LoginPageHeaderTest -->
        <test-method status="PASS" signature="tearDown()[pri:0, instance:com.tests.LoginTest@6a4f787b]" name="tearDown" is-config="true" duration-ms="115" started-at="2020-05-25T13:05:44Z" finished-at="2020-05-25T13:05:44Z">
          <reporter-output>
          </reporter-output>
        </test-method> <!-- tearDown -->
        <test-method status="PASS" signature="setUp(java.lang.String)[pri:0, instance:com.tests.LoginTest@6a4f787b]" name="setUp" is-config="true" duration-ms="8522" started-at="2020-05-25T13:05:44Z" finished-at="2020-05-25T13:05:52Z">
          <params>
            <param index="0">
              <value>
                <![CDATA[chrome]]>
              </value>
            </param>
          </params>
          <reporter-output>
          </reporter-output>
        </test-method> <!-- setUp -->
        <test-method status="PASS" signature="doLogin()[pri:3, instance:com.tests.LoginTest@6a4f787b]" name="doLogin" duration-ms="2757" started-at="2020-05-25T13:05:52Z" finished-at="2020-05-25T13:05:55Z">
          <reporter-output>
          </reporter-output>
        </test-method> <!-- doLogin -->
        <test-method status="PASS" signature="tearDown()[pri:0, instance:com.tests.LoginTest@6a4f787b]" name="tearDown" is-config="true" duration-ms="123" started-at="2020-05-25T13:05:55Z" finished-at="2020-05-25T13:05:55Z">
          <reporter-output>
          </reporter-output>
        </test-method> <!-- tearDown -->
      </class> <!-- com.tests.LoginTest -->
    </test> <!-- Orange HRM Test Cases -->
  </suite> <!-- FREE CRM Application Test Automation Test Suite -->
</testng-results>
